<?xml version="1.0" encoding="UTF-8"?>
<coverage generated="1664227435761" clover="3.2.0">
  <project timestamp="1664227435761" name="All files">
    <metrics statements="3" coveredstatements="3" conditionals="4" coveredconditionals="1" methods="3" coveredmethods="3" elements="10" coveredelements="7" complexity="0" loc="3" ncloc="3" packages="2" files="3" classes="3"/>
    <package name="src.components">
      <metrics statements="1" coveredstatements="1" conditionals="3" coveredconditionals="1" methods="1" coveredmethods="1"/>
      <file name="Calc.vue" path="D:\Vue\src\components\Calc.vue">
        <metrics statements="1" coveredstatements="1" conditionals="3" coveredconditionals="1" methods="1" coveredmethods="1"/>
        <line num="1" count="181" type="cond" truecount="1" falsecount="2"/>
      </file>
    </package>
    <package name="tests.unit">
      <metrics statements="2" coveredstatements="2" conditionals="1" coveredconditionals="0" methods="2" coveredmethods="2"/>
      <file name="TestComponent.vue" path="D:\Vue\tests\unit\TestComponent.vue">
        <metrics statements="1" coveredstatements="1" conditionals="0" coveredconditionals="0" methods="1" coveredmethods="1"/>
        <line num="1" count="6" type="stmt"/>
      </file>
      <file name="TestVuex.vue" path="D:\Vue\tests\unit\TestVuex.vue">
        <metrics statements="1" coveredstatements="1" conditionals="1" coveredconditionals="0" methods="1" coveredmethods="1"/>
        <line num="1" count="11" type="cond" truecount="0" falsecount="1"/>
      </file>
    </package>
  </project>
</coverage>
